[askbootstrap.com/preview/grofar/app-two/home.html]
[askbootstrap.com/preview/grofar/app-two/img/logo.svg]
[backblue.gif]
[fade.gif]
[index.html]
[askbootstrap.com/preview/grofar/app-two/vendor/slick/slick.min.css]
[askbootstrap.com/preview/grofar/app-two/vendor/slick/slick-theme.min.css]
[askbootstrap.com/preview/grofar/app-two/vendor/icons/icofont.min.css]
[askbootstrap.com/preview/grofar/app-two/vendor/bootstrap/css/bootstrap.min.css]
[askbootstrap.com/preview/grofar/app-two/css/style.css]
[askbootstrap.com/preview/grofar/app-two/vendor/sidebar/demo.css]
[cdn.jsdelivr.net/npm/bootstrap-icons@1.9.1/font/bootstrap-icons.css]
[askbootstrap.com/preview/grofar/app-two/notification.html]
[askbootstrap.com/preview/grofar/app-two/search.html]
[askbootstrap.com/preview/grofar/app-two/listing.html]
[askbootstrap.com/preview/grofar/app-two/img/categorie/1.svg]
[askbootstrap.com/preview/grofar/app-two/img/categorie/2.svg]
[askbootstrap.com/preview/grofar/app-two/img/categorie/3.svg]
[askbootstrap.com/preview/grofar/app-two/img/categorie/4.svg]
[askbootstrap.com/preview/grofar/app-two/img/categorie/5.svg]
[askbootstrap.com/preview/grofar/app-two/img/categorie/6.svg]
[askbootstrap.com/preview/grofar/app-two/img/categorie/7.svg]
[askbootstrap.com/preview/grofar/app-two/img/categorie/8.svg]
[askbootstrap.com/preview/grofar/app-two/promos.html]
[askbootstrap.com/preview/grofar/app-two/promo_details.html]
[askbootstrap.com/preview/grofar/app-two/img/promo1.jpg]
[askbootstrap.com/preview/grofar/app-two/img/promo2.jpg]
[askbootstrap.com/preview/grofar/app-two/img/promo3.jpg]
[askbootstrap.com/preview/grofar/app-two/picks_today.html]
[askbootstrap.com/preview/grofar/app-two/product_details.html]
[askbootstrap.com/preview/grofar/app-two/img/listing/v1.jpg]
[askbootstrap.com/preview/grofar/app-two/cart.html]
[askbootstrap.com/preview/grofar/app-two/img/listing/v2.jpg]
[askbootstrap.com/preview/grofar/app-two/img/listing/v3.jpg]
[askbootstrap.com/preview/grofar/app-two/img/listing/v4.jpg]
[askbootstrap.com/preview/grofar/app-two/img/listing/v5.jpg]
[askbootstrap.com/preview/grofar/app-two/img/listing/v6.jpg]
[askbootstrap.com/preview/grofar/app-two/recommend.html]
[askbootstrap.com/preview/grofar/app-two/img/recommend/r1.jpg]
[askbootstrap.com/preview/grofar/app-two/img/recommend/r2.jpg]
[askbootstrap.com/preview/grofar/app-two/img/recommend/r3.jpg]
[askbootstrap.com/preview/grofar/app-two/img/recommend/r4.jpg]
[askbootstrap.com/preview/grofar/app-two/img/recommend/r5.jpg]
[askbootstrap.com/preview/grofar/app-two/img/recommend/r6.jpg]
[askbootstrap.com/preview/grofar/app-two/img/recommend/r7.jpg]
[askbootstrap.com/preview/grofar/app-two/img/recommend/r8.jpg]
[askbootstrap.com/preview/grofar/app-two/img/recommend/r9.jpg]
[askbootstrap.com/preview/grofar/app-two/complete_order.html]
[askbootstrap.com/preview/grofar/app-two/my_account.html]
[askbootstrap.com/preview/grofar/app-two/index.html]
[askbootstrap.com/preview/grofar/app-two/account-setup.html]
[askbootstrap.com/preview/grofar/app-two/signin.html]
[askbootstrap.com/preview/grofar/app-two/signup.html]
[askbootstrap.com/preview/grofar/app-two/verification.html]
[askbootstrap.com/preview/grofar/app-two/get_started.html]
[askbootstrap.com/preview/grofar/app-two/landing.html]
[askbootstrap.com/preview/grofar/app-two/fresh_vegan.html]
[askbootstrap.com/preview/grofar/app-two/order_address.html]
[askbootstrap.com/preview/grofar/app-two/delivery_time.html]
[askbootstrap.com/preview/grofar/app-two/order_payment.html]
[askbootstrap.com/preview/grofar/app-two/checkout.html]
[askbootstrap.com/preview/grofar/app-two/successful.html]
[askbootstrap.com/preview/grofar/app-two/status_complete.html]
[askbootstrap.com/preview/grofar/app-two/progress_order.html]
[askbootstrap.com/preview/grofar/app-two/status_onprocess.html]
[askbootstrap.com/preview/grofar/app-two/canceled_order.html]
[askbootstrap.com/preview/grofar/app-two/status_canceled.html]
[askbootstrap.com/preview/grofar/app-two/review.html]
[askbootstrap.com/preview/grofar/app-two/edit_profile.html]
[askbootstrap.com/preview/grofar/app-two/change_password.html]
[askbootstrap.com/preview/grofar/app-two/deactivate_account.html]
[askbootstrap.com/preview/grofar/app-two/my_address.html]
[askbootstrap.com/preview/grofar/app-two/terms_conditions.html]
[askbootstrap.com/preview/grofar/app-two/privacy.html]
[askbootstrap.com/preview/grofar/app-two/terms&conditions.html]
[askbootstrap.com/preview/grofar/app-two/help_support.html]
[askbootstrap.com/preview/grofar/app-two/help_ticket.html]
[askbootstrap.com/preview/grofar/app-two/refund_payment.html]
[askbootstrap.com/preview/grofar/app-two/faq.html]
[askbootstrap.com/preview/grofar/app-two/vendor/jquery/jquery.min.js]
[askbootstrap.com/preview/grofar/app-two/vendor/bootstrap/js/bootstrap.bundle.min.js]
[askbootstrap.com/preview/grofar/app-two/vendor/slick/slick.min.js]
[askbootstrap.com/preview/grofar/app-two/vendor/sidebar/hc-offcanvas-nav.js]
[askbootstrap.com/preview/grofar/app-two/js/osahan.js]
[askbootstrap.com/preview/grofar/app-two/home.html]
[askbootstrap.com/preview/grofar/app-two/img/logo.svg]
[askbootstrap.com/preview/grofar/app-two/vendor/slick/slick.min.css]
[askbootstrap.com/cdn-cgi/scripts/7d0fa10a/cloudflare-static/rocket-loader.min.js]
[askbootstrap.com/preview/grofar/app-two/vendor/slick/ajax-loader.gif]
[askbootstrap.com/preview/grofar/app-two/vendor/slick/fonts/slick.eot]
[askbootstrap.com/preview/grofar/app-two/vendor/slick/fonts/slickd41d.eot]
[askbootstrap.com/preview/grofar/app-two/vendor/slick/fonts/slick.woff]
[askbootstrap.com/preview/grofar/app-two/vendor/slick/fonts/slick.ttf]
[askbootstrap.com/preview/grofar/app-two/vendor/slick/fonts/slick.svg]
[askbootstrap.com/preview/grofar/app-two/vendor/slick/slick-theme.min.css]
[askbootstrap.com/preview/grofar/app-two/vendor/icons/fonts/icofont.woff2]
[askbootstrap.com/preview/grofar/app-two/vendor/icons/icofont.min.css]
[askbootstrap.com/preview/grofar/app-two/vendor/bootstrap/css/bootstrap.min.css]
[askbootstrap.com/preview/grofar/app-two/vendor/icons/fonts/icofont.woff]
[askbootstrap.com/preview/grofar/app-two/img/bg.png]
[askbootstrap.com/preview/grofar/app-two/css/style.css]
[askbootstrap.com/preview/grofar/app-two/vendor/sidebar/demo.css]
[cdn.jsdelivr.net/npm/bootstrap-icons@1.9.1/font/fonts/bootstrap-iconsd862.woff2]
[cdn.jsdelivr.net/npm/bootstrap-icons@1.9.1/font/fonts/bootstrap-iconsd862.woff]
[cdn.jsdelivr.net/npm/bootstrap-icons@1.9.1/font/bootstrap-icons.css]
[askbootstrap.com/preview/grofar/app-two/notification.html]
[askbootstrap.com/preview/grofar/app-two/img/search/s1.jpg]
[askbootstrap.com/preview/grofar/app-two/img/search/s2.jpg]
[askbootstrap.com/preview/grofar/app-two/img/search/s3.jpg]
[askbootstrap.com/preview/grofar/app-two/img/search/s4.jpg]
[askbootstrap.com/preview/grofar/app-two/search.html]
[askbootstrap.com/preview/grofar/app-two/img/listing/v7.jpg]
[askbootstrap.com/preview/grofar/app-two/img/listing/v8.jpg]
[askbootstrap.com/preview/grofar/app-two/img/listing/v9.jpg]
[askbootstrap.com/preview/grofar/app-two/img/listing/v10.jpg]
[askbootstrap.com/preview/grofar/app-two/img/listing/v11.jpg]
[askbootstrap.com/preview/grofar/app-two/img/listing/v12.jpg]
[askbootstrap.com/preview/grofar/app-two/listing.html]
[askbootstrap.com/preview/grofar/app-two/img/categorie/1.svg]
[askbootstrap.com/preview/grofar/app-two/img/categorie/2.svg]
[askbootstrap.com/preview/grofar/app-two/img/categorie/3.svg]
[askbootstrap.com/preview/grofar/app-two/img/categorie/4.svg]
[askbootstrap.com/preview/grofar/app-two/img/categorie/5.svg]
[askbootstrap.com/preview/grofar/app-two/img/categorie/6.svg]
[askbootstrap.com/preview/grofar/app-two/img/categorie/7.svg]
[askbootstrap.com/preview/grofar/app-two/img/categorie/8.svg]
[askbootstrap.com/preview/grofar/app-two/img/promos/p1.png]
[askbootstrap.com/preview/grofar/app-two/img/promos/p2.png]
[askbootstrap.com/preview/grofar/app-two/img/promos/p3.png]
[askbootstrap.com/preview/grofar/app-two/promos.html]
[askbootstrap.com/preview/grofar/app-two/promo_details.html]
[askbootstrap.com/preview/grofar/app-two/picks_today.html]
[askbootstrap.com/preview/grofar/app-two/product_details.html]
[askbootstrap.com/preview/grofar/app-two/img/cart/g1.png]
[askbootstrap.com/preview/grofar/app-two/img/cart/g2.png]
[askbootstrap.com/preview/grofar/app-two/img/cart/g3.png]
[askbootstrap.com/preview/grofar/app-two/cart.html]
[askbootstrap.com/preview/grofar/app-two/recommend.html]
[askbootstrap.com/preview/grofar/app-two/complete_order.html]
[askbootstrap.com/preview/grofar/app-two/img/user.jpg]
[askbootstrap.com/preview/grofar/app-two/my_account.html]
[askbootstrap.com/preview/grofar/app-two/index.html]
[askbootstrap.com/preview/grofar/app-two/account-setup.html]
[askbootstrap.com/preview/grofar/app-two/signin.html]
[askbootstrap.com/preview/grofar/app-two/signup.html]
[askbootstrap.com/preview/grofar/app-two/verification.html]
[askbootstrap.com/preview/grofar/app-two/get_started.html]
[askbootstrap.com/preview/grofar/app-two/landing.html]
[askbootstrap.com/cdn-cgi/scripts/5c5dd728/cloudflare-static/email-decode.min.js]
[askbootstrap.com/preview/grofar/app-two/img/green/g1.jpg]
[askbootstrap.com/preview/grofar/app-two/img/green/g2.jpg]
[askbootstrap.com/preview/grofar/app-two/img/green/g3.jpg]
[askbootstrap.com/preview/grofar/app-two/img/green/g4.jpg]
[askbootstrap.com/preview/grofar/app-two/img/green/g5.jpg]
[askbootstrap.com/preview/grofar/app-two/img/green/g6.jpg]
[askbootstrap.com/preview/grofar/app-two/img/green/g7.jpg]
[askbootstrap.com/preview/grofar/app-two/img/green/g8.jpg]
[askbootstrap.com/preview/grofar/app-two/img/green/g9.jpg]
[askbootstrap.com/preview/grofar/app-two/fresh_vegan.html]
[askbootstrap.com/preview/grofar/app-two/order_address.html]
[askbootstrap.com/preview/grofar/app-two/delivery_time.html]
[askbootstrap.com/preview/grofar/app-two/order_payment.html]
[askbootstrap.com/preview/grofar/app-two/checkout.html]
[askbootstrap.com/preview/grofar/app-two/successful.html]
[askbootstrap.com/preview/grofar/app-two/status_complete.html]
[askbootstrap.com/preview/grofar/app-two/progress_order.html]
[askbootstrap.com/preview/grofar/app-two/status_onprocess.html]
[askbootstrap.com/preview/grofar/app-two/canceled_order.html]
[askbootstrap.com/preview/grofar/app-two/status_canceled.html]
[askbootstrap.com/preview/grofar/app-two/review.html]
[askbootstrap.com/preview/grofar/app-two/edit_profile.html]
[askbootstrap.com/preview/grofar/app-two/change_password.html]
[askbootstrap.com/preview/grofar/app-two/deactivate_account.html]
[askbootstrap.com/preview/grofar/app-two/my_address.html]
[askbootstrap.com/preview/grofar/app-two/terms_conditions.html]
[askbootstrap.com/preview/grofar/app-two/privacy.html]
[askbootstrap.com/preview/grofar/app-two/terms&conditions.html]
[askbootstrap.com/preview/grofar/app-two/help_support.html]
[askbootstrap.com/preview/grofar/app-two/help_ticket.html]
[askbootstrap.com/preview/grofar/app-two/refund_payment.html]
[askbootstrap.com/preview/grofar/app-two/faq.html]
[askbootstrap.com/preview/grofar/app-two/vendor/jquery/jquery.min.js]
[askbootstrap.com/preview/grofar/app-two/vendor/bootstrap/js/bootstrap.bundle.min.js]
[askbootstrap.com/preview/grofar/app-two/vendor/slick/slick.min.js]
[askbootstrap.com/preview/grofar/app-two/vendor/sidebar/hc-offcanvas-nav.js]
[askbootstrap.com/preview/grofar/app-two/js/osahan.js]
[askbootstrap.com/preview/grofar/app-two/vendor/slick/fonts/slick.svg]
